This is pdfTeXk, Version 3.141592-1.40.3 (Web2C 7.5.6) (format=latex 2012.1.9)  14 MAR 2012 13:12
entering extended mode
 %&-line parsing enabled.
**\nonstopmode\input releaseNotes.tex
(./releaseNotes.tex (/devapps/share/texmf/tex/latex/bredex/bxreport.cls

BREDEX Report-Style fuer LaTeX2e (bxreport.cls Version 2.4 02/21/11 )

Document Class: bxreport 
(/usr/share/texmf/tex/latex/base/report.cls
Document Class: report 2005/09/16 v1.4f Standard LaTeX document class
(/usr/share/texmf/tex/latex/base/size12.clo
File: size12.clo 2005/09/16 v1.4f Standard LaTeX file (size option)
)
\c@part=\count79
\c@chapter=\count80
\c@section=\count81
\c@subsection=\count82
\c@subsubsection=\count83
\c@paragraph=\count84
\c@subparagraph=\count85
\c@figure=\count86
\c@table=\count87
\abovecaptionskip=\skip41
\belowcaptionskip=\skip42
\bibindent=\dimen102
)
(/devapps/share/texmf/tex/latex/bredex/bxstyle.sty

BREDEX Style fuer LaTeX2e (@(##)bxstyle.sty 2.29 BREDEX GmbH )

Package: bxstyle 
(/usr/share/texmf/tex/latex/base/ifthen.sty
Package: ifthen 2001/05/26 v1.1c Standard LaTeX ifthen package (DPC)
)
\tipbox=\box26

(/usr/share/texmf/tex/latex/ltxmisc/chngpage.sty
Package: chngpage 2003/08/10 v1.2 change page layout
\c@cp@cnt=\count88
\c@cp@tempcnt=\count89
)
(/devapps/share/texmf/tex/latex/psnfss/frutiger45.sty
Package: frutiger45 2001/02/15 BREDEX Frutiger45 font as default roman : martin
k

(/usr/share/texmf/tex/latex/base/textcomp.sty
Package: textcomp 2005/09/27 v1.99g Standard LaTeX package
Package textcomp Info: Sub-encoding information:
(textcomp)               5 = only ISO-Adobe without \textcurrency
(textcomp)               4 = 5 + \texteuro
(textcomp)               3 = 4 + \textohm
(textcomp)               2 = 3 + \textestimated + \textcurrency
(textcomp)               1 = TS1 - \textcircled - \t
(textcomp)               0 = TS1 (full)
(textcomp)             Font families with sub-encoding setting implement
(textcomp)             only a restricted character set as indicated.
(textcomp)             Family '?' is the default used for unknown fonts.
(textcomp)             See the documentation for details.
Package textcomp Info: Setting ? sub-encoding to TS1/1 on input line 71.

(/usr/share/texmf/tex/latex/base/ts1enc.def
File: ts1enc.def 2001/06/05 v3.0e (jk/car/fm) Standard LaTeX file
)
LaTeX Info: Redefining \oldstylenums on input line 266.
Package textcomp Info: Setting cmr sub-encoding to TS1/0 on input line 281.
Package textcomp Info: Setting cmss sub-encoding to TS1/0 on input line 282.
Package textcomp Info: Setting cmtt sub-encoding to TS1/0 on input line 283.
Package textcomp Info: Setting cmvtt sub-encoding to TS1/0 on input line 284.
Package textcomp Info: Setting cmbr sub-encoding to TS1/0 on input line 285.
Package textcomp Info: Setting cmtl sub-encoding to TS1/0 on input line 286.
Package textcomp Info: Setting ccr sub-encoding to TS1/0 on input line 287.
Package textcomp Info: Setting ptm sub-encoding to TS1/4 on input line 288.
Package textcomp Info: Setting pcr sub-encoding to TS1/4 on input line 289.
Package textcomp Info: Setting phv sub-encoding to TS1/4 on input line 290.
Package textcomp Info: Setting ppl sub-encoding to TS1/3 on input line 291.
Package textcomp Info: Setting pag sub-encoding to TS1/4 on input line 292.
Package textcomp Info: Setting pbk sub-encoding to TS1/4 on input line 293.
Package textcomp Info: Setting pnc sub-encoding to TS1/4 on input line 294.
Package textcomp Info: Setting pzc sub-encoding to TS1/4 on input line 295.
Package textcomp Info: Setting bch sub-encoding to TS1/4 on input line 296.
Package textcomp Info: Setting put sub-encoding to TS1/5 on input line 297.
Package textcomp Info: Setting uag sub-encoding to TS1/5 on input line 298.
Package textcomp Info: Setting ugq sub-encoding to TS1/5 on input line 299.
Package textcomp Info: Setting ul8 sub-encoding to TS1/4 on input line 300.
Package textcomp Info: Setting ul9 sub-encoding to TS1/4 on input line 301.
Package textcomp Info: Setting augie sub-encoding to TS1/5 on input line 302.
Package textcomp Info: Setting dayrom sub-encoding to TS1/3 on input line 303.
Package textcomp Info: Setting dayroms sub-encoding to TS1/3 on input line 304.

Package textcomp Info: Setting pxr sub-encoding to TS1/0 on input line 305.
Package textcomp Info: Setting pxss sub-encoding to TS1/0 on input line 306.
Package textcomp Info: Setting pxtt sub-encoding to TS1/0 on input line 307.
Package textcomp Info: Setting txr sub-encoding to TS1/0 on input line 308.
Package textcomp Info: Setting txss sub-encoding to TS1/0 on input line 309.
Package textcomp Info: Setting txtt sub-encoding to TS1/0 on input line 310.
Package textcomp Info: Setting futs sub-encoding to TS1/4 on input line 311.
Package textcomp Info: Setting futx sub-encoding to TS1/4 on input line 312.
Package textcomp Info: Setting futj sub-encoding to TS1/4 on input line 313.
Package textcomp Info: Setting hlh sub-encoding to TS1/3 on input line 314.
Package textcomp Info: Setting hls sub-encoding to TS1/3 on input line 315.
Package textcomp Info: Setting hlst sub-encoding to TS1/3 on input line 316.
Package textcomp Info: Setting hlct sub-encoding to TS1/5 on input line 317.
Package textcomp Info: Setting hlx sub-encoding to TS1/5 on input line 318.
Package textcomp Info: Setting hlce sub-encoding to TS1/5 on input line 319.
Package textcomp Info: Setting hlcn sub-encoding to TS1/5 on input line 320.
Package textcomp Info: Setting hlcw sub-encoding to TS1/5 on input line 321.
Package textcomp Info: Setting hlcf sub-encoding to TS1/5 on input line 322.
Package textcomp Info: Setting pplx sub-encoding to TS1/3 on input line 323.
Package textcomp Info: Setting pplj sub-encoding to TS1/3 on input line 324.
Package textcomp Info: Setting ptmx sub-encoding to TS1/4 on input line 325.
Package textcomp Info: Setting ptmj sub-encoding to TS1/4 on input line 326.
)
(/usr/share/texmf/tex/latex/base/t1enc.sty
Package: t1enc 1994/06/01 Standard LaTeX package
)
LaTeX Font Info:    Redeclaring symbol font `operators' on input line 15.
LaTeX Font Info:    Overwriting symbol font `operators' in version `normal'
(Font)                  OT1/cmr/m/n --> OT1/pfr/l/n on input line 15.
LaTeX Font Info:    Overwriting symbol font `operators' in version `bold'
(Font)                  OT1/cmr/bx/n --> OT1/pfr/l/n on input line 15.
LaTeX Font Info:    Redeclaring symbol font `letters' on input line 16.
LaTeX Font Info:    Overwriting symbol font `letters' in version `normal'
(Font)                  OML/cmm/m/it --> OML/ptmcm/m/it on input line 16.
LaTeX Font Info:    Overwriting symbol font `letters' in version `bold'
(Font)                  OML/cmm/b/it --> OML/ptmcm/m/it on input line 16.
LaTeX Font Info:    Redeclaring symbol font `symbols' on input line 17.
LaTeX Font Info:    Overwriting symbol font `symbols' in version `normal'
(Font)                  OMS/cmsy/m/n --> OMS/pzccm/m/n on input line 17.
LaTeX Font Info:    Overwriting symbol font `symbols' in version `bold'
(Font)                  OMS/cmsy/b/n --> OMS/pzccm/m/n on input line 17.
LaTeX Font Info:    Redeclaring symbol font `largesymbols' on input line 18.
LaTeX Font Info:    Overwriting symbol font `largesymbols' in version `normal'
(Font)                  OMX/cmex/m/n --> OMX/psycm/m/n on input line 18.
LaTeX Font Info:    Overwriting symbol font `largesymbols' in version `bold'
(Font)                  OMX/cmex/m/n --> OMX/psycm/m/n on input line 18.
\symbold=\mathgroup4
\symitalic=\mathgroup5
LaTeX Font Info:    Redeclaring math alphabet \mathbf on input line 22.
LaTeX Font Info:    Overwriting math alphabet `\mathbf' in version `normal'
(Font)                  OT1/cmr/bx/n --> OT1/pfr/b/n on input line 22.
LaTeX Font Info:    Overwriting math alphabet `\mathbf' in version `bold'
(Font)                  OT1/cmr/bx/n --> OT1/pfr/b/n on input line 22.
LaTeX Font Info:    Redeclaring math alphabet \mathit on input line 23.
LaTeX Font Info:    Overwriting math alphabet `\mathit' in version `normal'
(Font)                  OT1/cmr/m/it --> OT1/pfr/l/it on input line 23.
LaTeX Font Info:    Overwriting math alphabet `\mathit' in version `bold'
(Font)                  OT1/cmr/bx/it --> OT1/pfr/l/it on input line 23.
)
(/devapps/share/texmf/tex/latex/misc/bxmarvosym.sty
Package: bxmarvosym 1998/06/03 v1.0 Martin Vogels Symbole font definitions
)
(/devapps/share/texmf/tex/latex/lgrind/lgrind.sty
Package: lgrind 1999/05/28 v3.6 LGrind environment and supporting stuff
\lc@unt=\count90
\ln@xt=\count91
\LGnuminterval=\count92
\LGindent=\skip43
\LGsloppy=\skip44
\procbox=\box27
\ls@far=\box28
\tb@x=\box29
\TBw@d=\dimen103
\@ts=\dimen104
)
(/devapps/share/texmf/tex/latex/html/html.sty
Package: html 1999/03/12 v1.37 hypertext commands for latex2html (nd, hws, rrm)

\c@lpart=\count93
\c@lchapter=\count94
\c@lsection=\count95
\c@lsubsection=\count96
\c@lsubsubsection=\count97
\c@lparagraph=\count98
\c@lsubparagraph=\count99
\c@lsubsubparagraph=\count100
\ptrfile=\write3
)
(/devapps/share/texmf/tex/latex/html/url.sty
Package: url 1996/02/06  ver 1.1  Verb mode for urls, email addresses, and file
 names
)
(/usr/share/texmf/tex/latex/base/makeidx.sty
Package: makeidx 2000/03/29 v1.0m Standard LaTeX package
)
(/devapps/share/texmf/tex/latex/bredex/bxtex.sty)
(/usr/share/texmf/tex/latex/tools/longtable.sty
Package: longtable 2004/02/01 v4.11 Multi-page Table package (DPC)
\LTleft=\skip45
\LTright=\skip46
\LTpre=\skip47
\LTpost=\skip48
\LTchunksize=\count101
\LTcapwidth=\dimen105
\LT@head=\box30
\LT@firsthead=\box31
\LT@foot=\box32
\LT@lastfoot=\box33
\LT@cols=\count102
\LT@rows=\count103
\c@LT@tables=\count104
\c@LT@chunks=\count105
\LT@p@ftn=\toks14
)
(/usr/share/texmf/tex/latex/listings/listings.sty
(/usr/share/texmf/tex/latex/graphics/keyval.sty
Package: keyval 1999/03/16 v1.13 key=value parser (DPC)
\KV@toks@=\toks15
)
\lst@mode=\count106
\lst@gtempboxa=\box34
\lst@token=\toks16
\lst@length=\count107
\lst@currlwidth=\dimen106
\lst@column=\count108
\lst@pos=\count109
\lst@lostspace=\dimen107
\lst@width=\dimen108
\lst@newlines=\count110
\lst@lineno=\count111
\c@lstlisting=\count112
\lst@maxwidth=\dimen109

(/usr/share/texmf/tex/latex/listings/lstpatch.sty
File: lstpatch.sty 2004/10/17 1.3b (Carsten Heinz)
)
(/usr/share/texmf/tex/latex/listings/lstmisc.sty
File: lstmisc.sty 2004/09/07 1.3 (Carsten Heinz)
\c@lstnumber=\count113
\lst@skipnumbers=\count114
\lst@framebox=\box35
)
(/usr/share/texmf/tex/latex/listings/listings.cfg
File: listings.cfg 2004/09/05 1.3 listings configuration
))
Package: listings 2004/10/17 1.3b (Carsten Heinz)

(/usr/share/texmf/tex/latex/tools/xr.sty
Package: xr 1994/05/28 v5.02 eXternal References (DPC)
)
(/usr/share/texmf/tex/latex/tools/calc.sty
Package: calc 2005/08/06 v4.2 Infix arithmetic (KKT,FJ)
\calc@Acount=\count115
\calc@Bcount=\count116
\calc@Adimen=\dimen110
\calc@Bdimen=\dimen111
\calc@Askip=\skip49
\calc@Bskip=\skip50
LaTeX Info: Redefining \setlength on input line 75.
LaTeX Info: Redefining \addtolength on input line 76.
\calc@Ccount=\count117
\calc@Cskip=\skip51
)
(/usr/share/texmf/tex/latex/tools/xspace.sty
Package: xspace 2006/05/08 v1.12 Space after command names (DPC,MH)
)
(/devapps/share/texmf/tex/latex/bredex/guidancer.sty
(/devapps/share/texmf/tex/latex/bredex/gdkeys.sty
Package: gdkeys 
\gdiconheight=\skip52
))
(/usr/share/texmf/tex/latex/float/float.sty
Package: float 2001/11/08 v1.3d Float enhancements (AL)
\c@float@type=\count118
\float@exts=\toks17
\float@box=\box36
\@float@everytoks=\toks18
\@floatcapt=\box37
)
(/devapps/share/texmf/tex/latex/misc/tocvsec2.sty
Package: tocvsec2 2004/05/24 v1.2 variable ToC section entries
)
(/usr/share/texmf/tex/latex/caption/caption.sty
Package: caption 2007/01/07 v3.0k Customising captions (AR)

(/usr/share/texmf/tex/latex/caption/caption3.sty
Package: caption3 2007/01/07 v3.0k caption3 kernel (AR)
\captionmargin=\dimen112
\captionmarginx=\dimen113
\captionwidth=\dimen114
\captionindent=\dimen115
\captionparindent=\dimen116
\captionhangindent=\dimen117
)
Package caption Info: float package v1.3 (or newer) detected on input line 275.

Package caption Info: listings package v1.2 (or newer) detected on input line 3
38.
Package caption Info: longtable package v3.15 (or newer) detected on input line
 359.
)
(/usr/share/texmf/tex/generic/oberdiek/ifpdf.sty
Package: ifpdf 2006/02/20 v1.4 Provides the ifpdf switch (HO)
Package ifpdf Info: pdfTeX in pdf mode not detected.
)
(/usr/share/texmf/tex/latex/hyperref/hyperref.sty
Package: hyperref 2007/02/07 v6.75r Hypertext links for LaTeX
\@linkdim=\dimen118
\Hy@linkcounter=\count119
\Hy@pagecounter=\count120

(/usr/share/texmf/tex/latex/hyperref/pd1enc.def
File: pd1enc.def 2007/02/07 v6.75r Hyperref: PDFDocEncoding definition (HO)
)
(/usr/share/texmf/tex/latex/config/hyperref.cfg
File: hyperref.cfg 2002/06/06 v1.2 hyperref configuration of TeXLive
)
(/usr/share/texmf/tex/latex/oberdiek/kvoptions.sty
Package: kvoptions 2006/08/22 v2.4 Connects package keyval with LaTeX options (
HO)
)
Package hyperref Info: Option `bookmarks' set `true' on input line 2238.
Package hyperref Info: Hyper figures OFF on input line 2288.
Package hyperref Info: Link nesting OFF on input line 2293.
Package hyperref Info: Hyper index ON on input line 2296.
Package hyperref Info: Plain pages OFF on input line 2303.
Package hyperref Info: Backreferencing OFF on input line 2308.

Implicit mode ON; LaTeX internals redefined
Package hyperref Info: Bookmarks ON on input line 2444.
LaTeX Info: Redefining \url on input line 2599.
LaTeX Info: Redefining \hyperref on input line 2610.
\Fld@menulength=\count121
\Field@Width=\dimen119
\Fld@charsize=\dimen120
\Choice@toks=\toks19
\Field@toks=\toks20
Package hyperref Info: Hyper figures OFF on input line 3102.
Package hyperref Info: Link nesting OFF on input line 3107.
Package hyperref Info: Hyper index ON on input line 3110.
Package hyperref Info: backreferencing OFF on input line 3117.
Package hyperref Info: Link coloring OFF on input line 3122.
\Hy@abspage=\count122
\c@Item=\count123
\c@Hfootnote=\count124
)
*hyperref using default driver hdvips*
(/usr/share/texmf/tex/latex/hyperref/hdvips.def
File: hdvips.def 2007/02/07 v6.75r Hyperref driver for dvips

(/usr/share/texmf/tex/latex/hyperref/pdfmark.def
File: pdfmark.def 2007/02/07 v6.75r Hyperref definitions for pdfmark specials
\pdf@docset=\toks21
\pdf@box=\box38
\pdf@toks=\toks22
\pdf@defaulttoks=\toks23
\Fld@listcount=\count125
))
(/usr/share/texmf/tex/latex/graphics/graphicx.sty
Package: graphicx 1999/02/16 v1.0f Enhanced LaTeX Graphics (DPC,SPQR)

(/usr/share/texmf/tex/latex/graphics/graphics.sty
Package: graphics 2006/02/20 v1.0o Standard LaTeX Graphics (DPC,SPQR)

(/usr/share/texmf/tex/latex/graphics/trig.sty
Package: trig 1999/03/16 v1.09 sin cos tan (DPC)
)
(/usr/share/texmf/tex/latex/config/graphics.cfg
File: graphics.cfg 2007/01/18 v1.5 graphics configuration of teTeX/TeXLive
)
Package graphics Info: Driver file: dvips.def on input line 90.

(/usr/share/texmf/tex/latex/graphics/dvips.def
File: dvips.def 1999/02/16 v3.0i Driver-dependant file (DPC,SPQR)
))
\Gin@req@height=\dimen121
\Gin@req@width=\dimen122
)
(/usr/share/texmf/tex/latex/graphics/color.sty
Package: color 2005/11/14 v1.0j Standard LaTeX Color (DPC)

(/usr/share/texmf/tex/latex/config/color.cfg
File: color.cfg 2007/01/18 v1.5 color configuration of teTeX/TeXLive
)
Package color Info: Driver file: dvips.def on input line 130.

(/usr/share/texmf/tex/latex/graphics/dvipsnam.def
File: dvipsnam.def 1999/02/16 v3.0i Driver-dependant file (DPC,SPQR)
))
(/usr/share/texmf/tex/latex/colortbl/colortbl.sty
Package: colortbl 2001/02/13 v0.1j Color table columns (DPC)

(/usr/share/texmf/tex/latex/tools/array.sty
Package: array 2005/08/23 v2.4b Tabular extension package (FMi)
\col@sep=\dimen123
\extrarowheight=\dimen124
\NC@list=\toks24
\extratabsurround=\skip53
\backup@length=\skip54
)
\everycr=\toks25
\minrowclearance=\skip55
)
\@indexfile=\write4
\openout4 = `releaseNotes.idx'.


Writing index file releaseNotes.idx
\logooffset=\skip56
\manualwidth=\skip57
\fullwidth=\skip58
\topwidth=\skip59
\bxpicwidth=\skip60
\@bxparskip=\skip61
\footwidth=\skip62
))
No file releaseNotes.aux.
\openout1 = `releaseNotes.aux'.

LaTeX Font Info:    Checking defaults for OML/cmm/m/it on input line 8.
LaTeX Font Info:    ... okay on input line 8.
LaTeX Font Info:    Checking defaults for T1/cmr/m/n on input line 8.
LaTeX Font Info:    ... okay on input line 8.
LaTeX Font Info:    Checking defaults for OT1/cmr/m/n on input line 8.
LaTeX Font Info:    ... okay on input line 8.
LaTeX Font Info:    Checking defaults for OMS/cmsy/m/n on input line 8.
LaTeX Font Info:    ... okay on input line 8.
LaTeX Font Info:    Checking defaults for OMX/cmex/m/n on input line 8.
LaTeX Font Info:    ... okay on input line 8.
LaTeX Font Info:    Checking defaults for U/cmr/m/n on input line 8.
LaTeX Font Info:    ... okay on input line 8.
LaTeX Font Info:    Checking defaults for TS1/cmr/m/n on input line 8.
LaTeX Font Info:    Try loading font information for TS1+cmr on input line 8.
(/usr/share/texmf/tex/latex/base/ts1cmr.fd
File: ts1cmr.fd 1999/05/25 v2.5h Standard LaTeX font definitions
)
LaTeX Font Info:    ... okay on input line 8.
LaTeX Font Info:    Checking defaults for PD1/pdf/m/n on input line 8.
LaTeX Font Info:    ... okay on input line 8.
LaTeX Font Info:    Try loading font information for T1+pfr on input line 8.

(/devapps/share/texmf/tex/latex/adobe/frutiger/t1pfr.fd
File: t1pfr.fd 2005/07/07 Fontinst v1.929 font definitions for T1/pfr.
)
(/usr/share/texmf/tex/latex/ragged2e/ragged2e.sty
Package: ragged2e 2003/03/25 v2.04 ragged2e Package (MS)

(/usr/share/texmf/tex/latex/everysel/everysel.sty
Package: everysel 1999/06/08 v1.03 EverySelectfont Package (MS)
LaTeX Info: Redefining \selectfont on input line 125.
)
\CenteringLeftskip=\skip63
\RaggedLeftLeftskip=\skip64
\RaggedRightLeftskip=\skip65
\CenteringRightskip=\skip66
\RaggedLeftRightskip=\skip67
\RaggedRightRightskip=\skip68
\CenteringParfillskip=\skip69
\RaggedLeftParfillskip=\skip70
\RaggedRightParfillskip=\skip71
\JustifyingParfillskip=\skip72
\CenteringParindent=\skip73
\RaggedLeftParindent=\skip74
\RaggedRightParindent=\skip75
\JustifyingParindent=\skip76
)
Package caption Info: hyperref package v6.74m (or newer) detected on input line
 8.
Package hyperref Info: Link coloring OFF on input line 8.

(/usr/share/texmf/tex/latex/hyperref/nameref.sty
Package: nameref 2006/12/27 v2.28 Cross-referencing by name of section

(/usr/share/texmf/tex/latex/oberdiek/refcount.sty
Package: refcount 2006/02/20 v3.0 Data extraction from references (HO)
)
\c@section@level=\count126
)
LaTeX Info: Redefining \ref on input line 8.
LaTeX Info: Redefining \pageref on input line 8.
\@outlinefile=\write5
\openout5 = `releaseNotes.out'.



Package hyperref Warning: Rerun to get /PageLabels entry.

(./content.tex
LaTeX Font Info:    Try loading font information for OT1+pfr on input line 10.
 (/devapps/share/texmf/tex/latex/adobe/frutiger/ot1pfr.fd
File: ot1pfr.fd 2005/07/07 Fontinst v1.929 font definitions for OT1/pfr.
)
LaTeX Font Info:    Try loading font information for OML+ptmcm on input line 10
.

(/usr/share/texmf/tex/latex/psnfss/omlptmcm.fd
File: omlptmcm.fd 2000/01/03 Fontinst v1.801 font definitions for OML/ptmcm.
)
LaTeX Font Info:    Try loading font information for OMS+pzccm on input line 10
.

(/usr/share/texmf/tex/latex/psnfss/omspzccm.fd
File: omspzccm.fd 2000/01/03 Fontinst v1.801 font definitions for OMS/pzccm.
)
LaTeX Font Info:    Try loading font information for OMX+psycm on input line 10
.

(/usr/share/texmf/tex/latex/psnfss/omxpsycm.fd
File: omxpsycm.fd 2000/01/03 Fontinst v1.801 font definitions for OMX/psycm.
)
Overfull \hbox (71.13188pt too wide) in paragraph at lines 10--10
[] []
 []


Underfull \hbox (badness 10000) in paragraph at lines 10--10

 []

File: jubula_splash.eps Graphic file (type eps)
<jubula_splash.eps>
Using default banner for jubula manual

Overfull \hbox (142.26378pt too wide) in paragraph at lines 10--10
[][]
 []


Underfull \hbox (badness 10000) in paragraph at lines 10--10

 []

File: bredexlogo.eps Graphic file (type eps)
<bredexlogo.eps>
Overfull \hbox (42.67912pt too wide) has occurred while \output is active
[][][][] 
 []


Overfull \hbox (148.26378pt too wide) has occurred while \output is active
[][][][][][]
 []

[1

] (../../../share/version.tex)
LaTeX Font Info:    Try loading font information for T1+pmy on input line 13.

(/devapps/share/texmf/tex/latex/adobe/myriadpro/t1pmy.fd
File: t1pmy.fd 2005/08/30 Fontinst v1.929 font definitions for T1/pmy.
)
File: bredexlogo.eps Graphic file (type eps)
 <bredexlogo.eps>
[2

] (./summary.tex (./60/notes.tex (./60/features.tex (./60/jubulafeatures.tex
Underfull \hbox (badness 10000) in paragraph at lines 1--2

 []

LaTeX Font Info:    Try loading font information for TS1+pfr on input line 3.
(/devapps/share/texmf/tex/latex/adobe/frutiger/ts1pfr.fd
File: ts1pfr.fd 2005/07/07 Fontinst v1.929 font definitions for TS1/pfr.
)
Underfull \hbox (badness 10000) in paragraph at lines 10--11

 []

File: bredexlogo.eps Graphic file (type eps)
<bredexlogo.eps>
Overfull \hbox (42.67912pt too wide) has occurred while \output is active
[][][][] 
 []


Overfull \hbox (148.26378pt too wide) has occurred while \output is active
[][][][][][]
 []

[3

]
LaTeX Font Info:    Try loading font information for T1+pcr on input line 26.
 (/usr/share/texmf/tex/latex/psnfss/t1pcr.fd
File: t1pcr.fd 2001/06/04 font definitions for T1/pcr.
)

LaTeX Font Warning: Font shape `T1/pcr/l/n' undefined
(Font)              using `T1/pcr/m/n' instead on input line 26.

File: danger.eps Graphic file (type eps)
<danger.eps>
Overfull \hbox (15.2713pt too wide) in paragraph at lines 28--29
[]$[]$ 
 []


Overfull \hbox (87.16772pt too wide) in paragraph at lines 30--31
[]\T1/pfr/l/n/12 Functions can be em-bed-ded in other func-tions, e.g. []
 []

File: bredexlogo.eps Graphic file (type eps)
<bredexlogo.eps> [4]
Underfull \hbox (badness 10000) in paragraph at lines 35--36

 []

File: bredexlogo.eps Graphic file (type eps)
<bredexlogo.eps>
Overfull \hbox (42.67912pt too wide) has occurred while \output is active
[][][][] 
 []


Overfull \hbox (148.26378pt too wide) has occurred while \output is active
[][][][][][]
 []

[5]
Underfull \hbox (badness 10000) in paragraph at lines 62--63

 []


Underfull \hbox (badness 10000) in paragraph at lines 70--71

 []


Overfull \hbox (6.87497pt too wide) in paragraph at lines 73--76
\T1/pfr/l/it/12 tree/org.eclipse.jubula.examples.extension.swing.rc.adapter 
 []


Underfull \hbox (badness 10000) in paragraph at lines 84--85

 []

File: bredexlogo.eps Graphic file (type eps)
<bredexlogo.eps> [6]
Overfull \hbox (4.72696pt too wide) in paragraph at lines 94--95
\T1/pfr/l/n/12 and there-fore rec-om-mend cau-tion when in-stalling new soft-
 []


Underfull \hbox (badness 10000) in paragraph at lines 97--98

 []


Overfull \hbox (58.43085pt too wide) in paragraph at lines 104--105
[]\T1/pfr/b/n/12 GD_AUT_STARTUP_DELAY re-named to TEST_AUT_STARTUP_DELAY 
 []


Underfull \hbox (badness 10000) in paragraph at lines 104--105

 []


Overfull \hbox (0.17891pt too wide) in paragraph at lines 107--108
[]\T1/pfr/l/n/12 This de-lay was named [] and has
 []

)) (./60/issues.tex (./60/jubulaissues.tex
Underfull \hbox (badness 10000) in paragraph at lines 1--2

 []

File: bredexlogo.eps Graphic file (type eps)
<bredexlogo.eps>
Overfull \hbox (42.67912pt too wide) has occurred while \output is active
[][][][] 
 []


Overfull \hbox (148.26378pt too wide) has occurred while \output is active
[][][][][][]
 []

[7]))) (./52/notes.tex (./52/features.tex (./52/jubulafeatures.tex
Underfull \hbox (badness 10000) in paragraph at lines 2--3

 []


! LaTeX Error: File `52/ps/EmbeddedAgent' not found.

See the LaTeX manual or LaTeX Companion for explanation.
Type  H <return>  for immediate help.
 ...                                              
                                                  
l.12 ...width=0.60\textwidth]{52/ps/EmbeddedAgent}
                                                  
I could not locate the file with any of these extensions:
.eps
Try typing  <return>  to proceed.
If that doesn't work, type  X <return>  to quit.


LaTeX Warning: `h' float specifier changed to `ht'.


Overfull \hbox (6.1286pt too wide) in paragraph at lines 35--36
\T1/pfr/l/n/12 ment pro-cess, let-ting you trans-fer com-po-nent names, match
 []

File: bredexlogo.eps Graphic file (type eps)
<bredexlogo.eps> [8]
Overfull \hbox (16.10168pt too wide) in paragraph at lines 39--40
[]\T1/pfr/b/n/12 Object Map-ping Ed-i-tor: Cleanup un-used com-po-nent names 
 []


! LaTeX Error: File `52/ps/DeleteUnusedCompNames' not found.

See the LaTeX manual or LaTeX Companion for explanation.
Type  H <return>  for immediate help.
 ...                                              
                                                  
l.50 ...60\textwidth]{52/ps/DeleteUnusedCompNames}
                                                  
I could not locate the file with any of these extensions:
.eps
Try typing  <return>  to proceed.
If that doesn't work, type  X <return>  to quit.


Overfull \hbox (11.90297pt too wide) in paragraph at lines 60--61
[]\T1/pfr/l/n/12 Following changes made for the ini-tial con-tri-bu-tion to Ecl
ipse,
 []


! LaTeX Error: File `52/ps/HTMLReport' not found.

See the LaTeX manual or LaTeX Companion for explanation.
Type  H <return>  for immediate help.
 ...                                              
                                                  
l.65 ...cs[width=0.60\textwidth]{52/ps/HTMLReport}
                                                  
I could not locate the file with any of these extensions:
.eps
Try typing  <return>  to proceed.
If that doesn't work, type  X <return>  to quit.

File: bredexlogo.eps Graphic file (type eps)
<bredexlogo.eps>
Overfull \hbox (42.67912pt too wide) has occurred while \output is active
[][][][] 
 []


Overfull \hbox (148.26378pt too wide) has occurred while \output is active
[][][][][][]
 []

[9]
Overfull \hbox (3.36029pt too wide) in paragraph at lines 79--80
\T1/pfr/l/n/12 with an ex-act match, and was the only com-po-nent above
 []


Overfull \hbox (9.90591pt too wide) in paragraph at lines 80--81
[]\T1/pfr/l/n/12 means that the com-po-nent is an ex-act match,
 []


Overfull \hbox (2.2859pt too wide) in paragraph at lines 81--82
[]\T1/pfr/l/n/12 means that this com-po-nent can-not be re-lo-cated
 []


! LaTeX Error: File `52/ps/ColorDot' not found.

See the LaTeX manual or LaTeX Companion for explanation.
Type  H <return>  for immediate help.
 ...                                              
                                                  
l.86 ...phics[width=0.6\textwidth]{52/ps/ColorDot}
                                                  
I could not locate the file with any of these extensions:
.eps
Try typing  <return>  to proceed.
If that doesn't work, type  X <return>  to quit.


Overfull \hbox (3.37575pt too wide) in paragraph at lines 83--91
[]\T1/pfr/l/n/12 As a side ef-fect, the col-ors on the com-po-nent names (green
)
 []


Overfull \hbox (8.53099pt too wide) in paragraph at lines 95--96
\T1/pfr/l/n/12 tion as-sis-tant will au-to-mat-i-cally no-tify you that your da
tabase
 []


! LaTeX Error: File `52/ps/Migration' not found.

See the LaTeX manual or LaTeX Companion for explanation.
Type  H <return>  for immediate help.
 ...                                              
                                                  
l.101 ...ics[width=0.6\textwidth]{52/ps/Migration}
                                                  
I could not locate the file with any of these extensions:
.eps
Try typing  <return>  to proceed.
If that doesn't work, type  X <return>  to quit.

File: bredexlogo.eps Graphic file (type eps)
<bredexlogo.eps> [10]
Overfull \hbox (3.69978pt too wide) in paragraph at lines 118--119
[]\T1/pfr/l/n/12 The com-mand line tool to im-port, ex-port and delete Projects

 []


Overfull \hbox (17.37248pt too wide) in paragraph at lines 132--133
[]\T1/pfr/b/n/12 Mac key-boards now sup-ported, new mech-a-nism for adding
 []

)) (./52/issues.tex (./52/jubulaissues.tex
Underfull \hbox (badness 10000) in paragraph at lines 1--2

 []


Underfull \hbox (badness 10000) in paragraph at lines 8--9

 []

File: bredexlogo.eps Graphic file (type eps)
<bredexlogo.eps>
Overfull \hbox (42.67912pt too wide) has occurred while \output is active
[][][][] 
 []


Overfull \hbox (148.26378pt too wide) has occurred while \output is active
[][][][][][]
 []

[11]
Underfull \hbox (badness 10000) in paragraph at lines 14--15

 []


Overfull \hbox (177.40695pt too wide) in paragraph at lines 16--17
\T1/pfr/l/n/12 dec-o-ra-tion re-sult-ing from our use of the org.eclipse.jface.
resource.CompositeImageDescriptor.
 []


Underfull \hbox (badness 10000) in paragraph at lines 21--22

 []


Underfull \hbox (badness 10000) in paragraph at lines 28--29

 []

)))))
File: bredexlogo.eps Graphic file (type eps)
 <bredexlogo.eps> [12] (./releaseNotes.aux)

LaTeX Font Warning: Some font shapes were not available, defaults substituted.


LaTeX Warning: Label(s) may have changed. Rerun to get cross-references right.

 ) 
Here is how much of TeX's memory you used:
 6256 strings out of 256217
 88827 string characters out of 1917090
 147623 words of memory out of 1500000
 9375 multiletter control sequences out of 10000+200000
 35971 words of font info for 69 fonts, out of 1200000 for 2000
 645 hyphenation exceptions out of 8191
 49i,10n,42p,1804b,534s stack positions out of 5000i,500n,6000p,200000b,15000s

Output written on releaseNotes.dvi (12 pages, 41432 bytes).
